<?xml version="1.0" encoding="UTF-8"?>
<testsuite name="com.androidimpact.app.meal_plan.MealPlanTest" tests="1" skipped="0" failures="0" errors="0" timestamp="2022-11-28T20:24:06" hostname="DESKTOP-SNPO0C7" time="0.022">
  <properties/>
  <testcase name="testAddingMealPlanItems" classname="com.androidimpact.app.meal_plan.MealPlanTest" time="0.022"/>
  <system-out><![CDATA[]]></system-out>
  <system-err><![CDATA[]]></system-err>
</testsuite>
